<component name="ProjectRunConfigurationManager">
  <configuration default="false" name="JunitTestClass_4.testAddition" type="JUnit" factoryName="JUnit" nameIsGenerated="true">
    <module name="proj2.foo" />
    <option name="PACKAGE_NAME" value="" />
    <option name="MAIN_CLASS_NAME" value="JunitTestClass_4" />
    <option name="METHOD_NAME" value="testAddition" />
    <option name="TEST_OBJECT" value="method" />
    <method v="2">
      <option name="Make" enabled="true" />
    </method>
  </configuration>
</component>