<component name="ProjectRunConfigurationManager">
  <configuration default="false" name="JunitTestClass_3.testAddition (foo)" type="JUnit" factoryName="JUnit">
    <module name="foo" />
    <option name="PACKAGE_NAME" value="" />
    <option name="MAIN_CLASS_NAME" value="JunitTestClass_3" />
    <option name="METHOD_NAME" value="testAddition" />
    <option name="TEST_OBJECT" value="method" />
    <method v="2">
      <option name="Make" enabled="true" />
    </method>
  </configuration>
</component>